Determining if the pthread_create exist failed with the following output:
Change Dir: /home/bingda/demo_ms/build/CMakeFiles/CMakeTmp

Run Build Command:"/usr/bin/make" "cmTC_370e1/fast"
/usr/bin/make -f CMakeFiles/cmTC_370e1.dir/build.make CMakeFiles/cmTC_370e1.dir/build
make[1]: Entering directory '/home/bingda/demo_ms/build/CMakeFiles/CMakeTmp'
Building C object CMakeFiles/cmTC_370e1.dir/CheckSymbolExists.c.o
/usr/bin/cc    -o CMakeFiles/cmTC_370e1.dir/CheckSymbolExists.c.o   -c /home/bingda/demo_ms/build/CMakeFiles/CMakeTmp/CheckSymbolExists.c
Linking C executable cmTC_370e1
/usr/bin/cmake -E cmake_link_script CMakeFiles/cmTC_370e1.dir/link.txt --verbose=1
/usr/bin/cc      -rdynamic CMakeFiles/cmTC_370e1.dir/CheckSymbolExists.c.o  -o cmTC_370e1 
CMakeFiles/cmTC_370e1.dir/CheckSymbolExists.c.o: In function `main':
CheckSymbolExists.c:(.text+0x1b): undefined reference to `pthread_create'
collect2: error: ld returned 1 exit status
CMakeFiles/cmTC_370e1.dir/build.make:97: recipe for target 'cmTC_370e1' failed
make[1]: *** [cmTC_370e1] Error 1
make[1]: Leaving directory '/home/bingda/demo_ms/build/CMakeFiles/CMakeTmp'
Makefile:126: recipe for target 'cmTC_370e1/fast' failed
make: *** [cmTC_370e1/fast] Error 2

File /home/bingda/demo_ms/build/CMakeFiles/CMakeTmp/CheckSymbolExists.c:
/* */
#include <pthread.h>

int main(int argc, char** argv)
{
  (void)argv;
#ifndef pthread_create
  return ((int*)(&pthread_create))[argc];
#else
  (void)argc;
  return 0;
#endif
}

Determining if the function pthread_create exists in the pthreads failed with the following output:
Change Dir: /home/bingda/demo_ms/build/CMakeFiles/CMakeTmp

Run Build Command:"/usr/bin/make" "cmTC_935eb/fast"
/usr/bin/make -f CMakeFiles/cmTC_935eb.dir/build.make CMakeFiles/cmTC_935eb.dir/build
make[1]: Entering directory '/home/bingda/demo_ms/build/CMakeFiles/CMakeTmp'
Building C object CMakeFiles/cmTC_935eb.dir/CheckFunctionExists.c.o
/usr/bin/cc   -DCHECK_FUNCTION_EXISTS=pthread_create   -o CMakeFiles/cmTC_935eb.dir/CheckFunctionExists.c.o   -c /usr/share/cmake-3.10/Modules/CheckFunctionExists.c
Linking C executable cmTC_935eb
/usr/bin/cmake -E cmake_link_script CMakeFiles/cmTC_935eb.dir/link.txt --verbose=1
/usr/bin/cc  -DCHECK_FUNCTION_EXISTS=pthread_create    -rdynamic CMakeFiles/cmTC_935eb.dir/CheckFunctionExists.c.o  -o cmTC_935eb -lpthreads 
/usr/bin/ld: cannot find -lpthreads
collect2: error: ld returned 1 exit status
CMakeFiles/cmTC_935eb.dir/build.make:97: recipe for target 'cmTC_935eb' failed
make[1]: *** [cmTC_935eb] Error 1
make[1]: Leaving directory '/home/bingda/demo_ms/build/CMakeFiles/CMakeTmp'
Makefile:126: recipe for target 'cmTC_935eb/fast' failed
make: *** [cmTC_935eb/fast] Error 2


